2023-11-06 00:59:17,200 [Worker-0: Loading available Gradle versions] INFO  o.e.b.c.i.u.g.PublishedGradleVersions - Gradle version information cache is not available. Remote download required.
2023-11-06 01:13:44,902 [Worker-2: Loading available Gradle versions] INFO  o.e.b.c.i.u.g.PublishedGradleVersions - Gradle version information cache is up-to-date. Trying to read.
2023-11-06 11:34:24,533 [Worker-2: Loading available Gradle versions] INFO  o.e.b.c.i.u.g.PublishedGradleVersions - Gradle version information cache is up-to-date. Trying to read.
2023-11-07 10:20:45,698 [Worker-5: Loading available Gradle versions] INFO  o.e.b.c.i.u.g.PublishedGradleVersions - Gradle version information cache is out-of-date. Trying to update.
2023-11-16 16:25:12,886 [Worker-0: Loading available Gradle versions] INFO  o.e.b.c.i.u.g.PublishedGradleVersions - Gradle version information cache is out-of-date. Trying to update.
2023-11-20 13:05:28,343 [Worker-3: Loading available Gradle versions] INFO  o.e.b.c.i.u.g.PublishedGradleVersions - Gradle version information cache is out-of-date. Trying to update.
2023-11-20 14:06:08,993 [Worker-5: Loading available Gradle versions] INFO  o.e.b.c.i.u.g.PublishedGradleVersions - Gradle version information cache is up-to-date. Trying to read.
2023-11-21 20:06:25,419 [Worker-2: Loading available Gradle versions] INFO  o.e.b.c.i.u.g.PublishedGradleVersions - Gradle version information cache is out-of-date. Trying to update.
2023-11-25 13:47:13,194 [Worker-5: Loading available Gradle versions] INFO  o.e.b.c.i.u.g.PublishedGradleVersions - Gradle version information cache is out-of-date. Trying to update.
2023-11-25 13:54:52,320 [Worker-2: Loading available Gradle versions] INFO  o.e.b.c.i.u.g.PublishedGradleVersions - Gradle version information cache is up-to-date. Trying to read.
2023-11-25 13:55:57,351 [Worker-1: Loading available Gradle versions] INFO  o.e.b.c.i.u.g.PublishedGradleVersions - Gradle version information cache is up-to-date. Trying to read.
2023-11-25 13:58:12,297 [Worker-11: Importing Maven projects] INFO  o.e.m.c.i.e.AbstractTransferListenerAdapter - Downloading https://repo.maven.apache.org/maven2/org/apache/maven/plugins/maven-surefire-plugin/3.1.2/maven-surefire-plugin-3.1.2.jar
2023-11-25 13:58:12,426 [Worker-11: Importing Maven projects] INFO  o.e.m.c.i.e.AbstractTransferListenerAdapter - Downloaded https://repo.maven.apache.org/maven2/org/apache/maven/plugins/maven-surefire-plugin/3.1.2/maven-surefire-plugin-3.1.2.jar
2023-11-25 13:58:13,204 [Worker-11: Importing Maven projects] INFO  o.e.m.c.i.l.LifecycleMappingFactory - Using org.eclipse.m2e.jdt.JarLifecycleMapping lifecycle mapping for MavenProject: UTN.FRGP:App_Clase7B_Comision73:0.0.1 @ /home/checox/Documents/ArgPrograma4.0-Java"INTERMEDIO?/App_Clase7B_Comision73/pom.xml.
2023-11-25 13:58:13,326 [Worker-11: Importing Maven projects] INFO  o.e.m.c.i.e.AbstractTransferListenerAdapter - Downloading https://repo.maven.apache.org/maven2/org/hibernate/hibernate-core/4.0.1.Final/hibernate-core-4.0.1.Final.pom
2023-11-25 13:58:13,417 [Worker-11: Importing Maven projects] INFO  o.e.m.c.i.e.AbstractTransferListenerAdapter - Downloaded https://repo.maven.apache.org/maven2/org/hibernate/hibernate-core/4.0.1.Final/hibernate-core-4.0.1.Final.pom
2023-11-25 13:58:13,470 [Worker-11: Importing Maven projects] INFO  o.e.m.c.i.e.AbstractTransferListenerAdapter - Downloading https://repo.maven.apache.org/maven2/antlr/antlr/2.7.7/antlr-2.7.7.pom
2023-11-25 13:58:13,489 [Worker-11: Importing Maven projects] INFO  o.e.m.c.i.e.AbstractTransferListenerAdapter - Downloaded https://repo.maven.apache.org/maven2/antlr/antlr/2.7.7/antlr-2.7.7.pom
2023-11-25 13:58:13,513 [Worker-11: Importing Maven projects] INFO  o.e.m.c.i.e.AbstractTransferListenerAdapter - Downloading https://repo.maven.apache.org/maven2/org/jboss/spec/javax/transaction/jboss-transaction-api_1.1_spec/1.0.0.Final/jboss-transaction-api_1.1_spec-1.0.0.Final.pom
2023-11-25 13:58:13,607 [Worker-11: Importing Maven projects] INFO  o.e.m.c.i.e.AbstractTransferListenerAdapter - Downloaded https://repo.maven.apache.org/maven2/org/jboss/spec/javax/transaction/jboss-transaction-api_1.1_spec/1.0.0.Final/jboss-transaction-api_1.1_spec-1.0.0.Final.pom
2023-11-25 13:58:13,709 [Worker-11: Importing Maven projects] INFO  o.e.m.c.i.e.AbstractTransferListenerAdapter - Downloading https://repo.maven.apache.org/maven2/org/jboss/spec/jboss-specs-parent/1.0.0.Beta2/jboss-specs-parent-1.0.0.Beta2.pom
2023-11-25 13:58:13,757 [Worker-11: Importing Maven projects] INFO  o.e.m.c.i.e.AbstractTransferListenerAdapter - Downloaded https://repo.maven.apache.org/maven2/org/jboss/spec/jboss-specs-parent/1.0.0.Beta2/jboss-specs-parent-1.0.0.Beta2.pom
2023-11-25 13:58:13,797 [Worker-11: Importing Maven projects] INFO  o.e.m.c.i.e.AbstractTransferListenerAdapter - Downloading https://repo.maven.apache.org/maven2/org/jboss/jboss-parent/5/jboss-parent-5.pom
2023-11-25 13:58:13,922 [Worker-11: Importing Maven projects] INFO  o.e.m.c.i.e.AbstractTransferListenerAdapter - Downloaded https://repo.maven.apache.org/maven2/org/jboss/jboss-parent/5/jboss-parent-5.pom
2023-11-25 13:58:13,955 [Worker-11: Importing Maven projects] INFO  o.e.m.c.i.e.AbstractTransferListenerAdapter - Downloading https://repo.maven.apache.org/maven2/dom4j/dom4j/1.6.1/dom4j-1.6.1.pom
2023-11-25 13:58:14,023 [Worker-11: Importing Maven projects] INFO  o.e.m.c.i.e.AbstractTransferListenerAdapter - Downloaded https://repo.maven.apache.org/maven2/dom4j/dom4j/1.6.1/dom4j-1.6.1.pom
2023-11-25 13:58:14,118 [Worker-11: Importing Maven projects] INFO  o.e.m.c.i.e.AbstractTransferListenerAdapter - Downloading https://repo.maven.apache.org/maven2/org/hibernate/javax/persistence/hibernate-jpa-2.0-api/1.0.1.Final/hibernate-jpa-2.0-api-1.0.1.Final.pom
2023-11-25 13:58:14,221 [Worker-11: Importing Maven projects] INFO  o.e.m.c.i.e.AbstractTransferListenerAdapter - Downloaded https://repo.maven.apache.org/maven2/org/hibernate/javax/persistence/hibernate-jpa-2.0-api/1.0.1.Final/hibernate-jpa-2.0-api-1.0.1.Final.pom
2023-11-25 13:58:14,323 [Worker-11: Importing Maven projects] INFO  o.e.m.c.i.e.AbstractTransferListenerAdapter - Downloading https://repo.maven.apache.org/maven2/org/jboss/logging/jboss-logging/3.1.0.CR2/jboss-logging-3.1.0.CR2.pom
2023-11-25 13:58:14,350 [Worker-11: Importing Maven projects] INFO  o.e.m.c.i.e.AbstractTransferListenerAdapter - Downloaded https://repo.maven.apache.org/maven2/org/jboss/logging/jboss-logging/3.1.0.CR2/jboss-logging-3.1.0.CR2.pom
2023-11-25 13:58:14,426 [Worker-11: Importing Maven projects] INFO  o.e.m.c.i.e.AbstractTransferListenerAdapter - Downloading https://repo.maven.apache.org/maven2/org/jboss/jboss-parent/6/jboss-parent-6.pom
2023-11-25 13:58:14,440 [Worker-11: Importing Maven projects] INFO  o.e.m.c.i.e.AbstractTransferListenerAdapter - Downloaded https://repo.maven.apache.org/maven2/org/jboss/jboss-parent/6/jboss-parent-6.pom
2023-11-25 13:58:14,528 [Worker-11: Importing Maven projects] INFO  o.e.m.c.i.e.AbstractTransferListenerAdapter - Downloading https://repo.maven.apache.org/maven2/org/javassist/javassist/3.15.0-GA/javassist-3.15.0-GA.pom
2023-11-25 13:58:14,631 [Worker-11: Importing Maven projects] INFO  o.e.m.c.i.e.AbstractTransferListenerAdapter - Downloaded https://repo.maven.apache.org/maven2/org/javassist/javassist/3.15.0-GA/javassist-3.15.0-GA.pom
2023-11-25 13:58:14,733 [Worker-11: Importing Maven projects] INFO  o.e.m.c.i.e.AbstractTransferListenerAdapter - Downloading https://repo.maven.apache.org/maven2/org/hibernate/common/hibernate-commons-annotations/4.0.1.Final/hibernate-commons-annotations-4.0.1.Final.pom
2023-11-25 13:58:14,836 [Worker-11: Importing Maven projects] INFO  o.e.m.c.i.e.AbstractTransferListenerAdapter - Downloaded https://repo.maven.apache.org/maven2/org/hibernate/common/hibernate-commons-annotations/4.0.1.Final/hibernate-commons-annotations-4.0.1.Final.pom
2023-11-25 13:58:14,919 [Worker-11: Importing Maven projects] INFO  o.e.m.c.i.e.AbstractTransferListenerAdapter - Downloading https://repo.maven.apache.org/maven2/org/hibernate/hibernate-entitymanager/4.1.0.Final/hibernate-entitymanager-4.1.0.Final.pom
2023-11-25 13:58:14,948 [Worker-11: Importing Maven projects] INFO  o.e.m.c.i.e.AbstractTransferListenerAdapter - Downloaded https://repo.maven.apache.org/maven2/org/hibernate/hibernate-entitymanager/4.1.0.Final/hibernate-entitymanager-4.1.0.Final.pom
2023-11-25 13:58:14,971 [Worker-11: Importing Maven projects] INFO  o.e.m.c.i.e.AbstractTransferListenerAdapter - Downloading https://repo.maven.apache.org/maven2/org/hibernate/hibernate-core/4.1.0.Final/hibernate-core-4.1.0.Final.pom
2023-11-25 13:58:14,990 [Worker-11: Importing Maven projects] INFO  o.e.m.c.i.e.AbstractTransferListenerAdapter - Downloaded https://repo.maven.apache.org/maven2/org/hibernate/hibernate-core/4.1.0.Final/hibernate-core-4.1.0.Final.pom
2023-11-25 13:58:15,025 [Worker-11: Importing Maven projects] INFO  o.e.m.c.i.e.AbstractTransferListenerAdapter - Downloading https://repo.maven.apache.org/maven2/mysql/mysql-connector-java/5.1.6/mysql-connector-java-5.1.6.pom
2023-11-25 13:58:15,042 [Worker-11: Importing Maven projects] INFO  o.e.m.c.i.e.AbstractTransferListenerAdapter - Downloaded https://repo.maven.apache.org/maven2/mysql/mysql-connector-java/5.1.6/mysql-connector-java-5.1.6.pom
2023-11-25 13:58:15,077 [Worker-11: Importing Maven projects] INFO  o.e.m.c.i.e.AbstractTransferListenerAdapter - Downloading https://repo.maven.apache.org/maven2/org/slf4j/slf4j-log4j12/1.5.2/slf4j-log4j12-1.5.2.pom
2023-11-25 13:58:15,094 [Worker-11: Importing Maven projects] INFO  o.e.m.c.i.e.AbstractTransferListenerAdapter - Downloaded https://repo.maven.apache.org/maven2/org/slf4j/slf4j-log4j12/1.5.2/slf4j-log4j12-1.5.2.pom
2023-11-25 13:58:15,117 [Worker-11: Importing Maven projects] INFO  o.e.m.c.i.e.AbstractTransferListenerAdapter - Downloading https://repo.maven.apache.org/maven2/org/slf4j/slf4j-parent/1.5.2/slf4j-parent-1.5.2.pom
2023-11-25 13:58:15,135 [Worker-11: Importing Maven projects] INFO  o.e.m.c.i.e.AbstractTransferListenerAdapter - Downloaded https://repo.maven.apache.org/maven2/org/slf4j/slf4j-parent/1.5.2/slf4j-parent-1.5.2.pom
2023-11-25 13:58:15,173 [Worker-11: Importing Maven projects] INFO  o.e.m.c.i.e.AbstractTransferListenerAdapter - Downloading https://repo.maven.apache.org/maven2/org/slf4j/slf4j-api/1.5.2/slf4j-api-1.5.2.pom
2023-11-25 13:58:15,193 [Worker-11: Importing Maven projects] INFO  o.e.m.c.i.e.AbstractTransferListenerAdapter - Downloaded https://repo.maven.apache.org/maven2/org/slf4j/slf4j-api/1.5.2/slf4j-api-1.5.2.pom
2023-11-25 13:58:15,217 [Worker-11: Importing Maven projects] INFO  o.e.m.c.i.e.AbstractTransferListenerAdapter - Downloading https://repo.maven.apache.org/maven2/log4j/log4j/1.2.14/log4j-1.2.14.pom
2023-11-25 13:58:15,235 [Worker-11: Importing Maven projects] INFO  o.e.m.c.i.e.AbstractTransferListenerAdapter - Downloaded https://repo.maven.apache.org/maven2/log4j/log4j/1.2.14/log4j-1.2.14.pom
2023-11-25 13:58:15,265 [AetherRepositoryConnector-repo.maven.apache.org-0-2] INFO  o.e.m.c.i.e.AbstractTransferListenerAdapter - Downloading https://repo.maven.apache.org/maven2/antlr/antlr/2.7.7/antlr-2.7.7.jar
2023-11-25 13:58:15,295 [AetherRepositoryConnector-repo.maven.apache.org-0-0] INFO  o.e.m.c.i.e.AbstractTransferListenerAdapter - Downloading https://repo.maven.apache.org/maven2/org/hibernate/hibernate-core/4.0.1.Final/hibernate-core-4.0.1.Final.jar
2023-11-25 13:58:15,298 [AetherRepositoryConnector-repo.maven.apache.org-0-1] INFO  o.e.m.c.i.e.AbstractTransferListenerAdapter - Downloading https://repo.maven.apache.org/maven2/commons-collections/commons-collections/3.2.1/commons-collections-3.2.1.jar
2023-11-25 13:58:15,298 [AetherRepositoryConnector-repo.maven.apache.org-0-4] INFO  o.e.m.c.i.e.AbstractTransferListenerAdapter - Downloading https://repo.maven.apache.org/maven2/dom4j/dom4j/1.6.1/dom4j-1.6.1.jar
2023-11-25 13:58:15,319 [AetherRepositoryConnector-repo.maven.apache.org-0-3] INFO  o.e.m.c.i.e.AbstractTransferListenerAdapter - Downloading https://repo.maven.apache.org/maven2/org/jboss/spec/javax/transaction/jboss-transaction-api_1.1_spec/1.0.0.Final/jboss-transaction-api_1.1_spec-1.0.0.Final.jar
2023-11-25 13:58:15,395 [AetherRepositoryConnector-repo.maven.apache.org-0-3] INFO  o.e.m.c.i.e.AbstractTransferListenerAdapter - Downloaded https://repo.maven.apache.org/maven2/org/jboss/spec/javax/transaction/jboss-transaction-api_1.1_spec/1.0.0.Final/jboss-transaction-api_1.1_spec-1.0.0.Final.jar
2023-11-25 13:58:15,418 [AetherRepositoryConnector-repo.maven.apache.org-0-2] INFO  o.e.m.c.i.e.AbstractTransferListenerAdapter - Downloaded https://repo.maven.apache.org/maven2/antlr/antlr/2.7.7/antlr-2.7.7.jar
2023-11-25 13:58:15,441 [AetherRepositoryConnector-repo.maven.apache.org-0-4] INFO  o.e.m.c.i.e.AbstractTransferListenerAdapter - Downloaded https://repo.maven.apache.org/maven2/dom4j/dom4j/1.6.1/dom4j-1.6.1.jar
2023-11-25 13:58:15,461 [AetherRepositoryConnector-repo.maven.apache.org-0-1] INFO  o.e.m.c.i.e.AbstractTransferListenerAdapter - Downloaded https://repo.maven.apache.org/maven2/commons-collections/commons-collections/3.2.1/commons-collections-3.2.1.jar
2023-11-25 13:58:15,507 [AetherRepositoryConnector-repo.maven.apache.org-0-3] INFO  o.e.m.c.i.e.AbstractTransferListenerAdapter - Downloading https://repo.maven.apache.org/maven2/xml-apis/xml-apis/1.0.b2/xml-apis-1.0.b2.jar
2023-11-25 13:58:15,512 [AetherRepositoryConnector-repo.maven.apache.org-0-4] INFO  o.e.m.c.i.e.AbstractTransferListenerAdapter - Downloading https://repo.maven.apache.org/maven2/org/jboss/logging/jboss-logging/3.1.0.CR2/jboss-logging-3.1.0.CR2.jar
2023-11-25 13:58:15,515 [AetherRepositoryConnector-repo.maven.apache.org-0-2] INFO  o.e.m.c.i.e.AbstractTransferListenerAdapter - Downloading https://repo.maven.apache.org/maven2/org/hibernate/javax/persistence/hibernate-jpa-2.0-api/1.0.1.Final/hibernate-jpa-2.0-api-1.0.1.Final.jar
2023-11-25 13:58:15,518 [AetherRepositoryConnector-repo.maven.apache.org-0-1] INFO  o.e.m.c.i.e.AbstractTransferListenerAdapter - Downloading https://repo.maven.apache.org/maven2/org/javassist/javassist/3.15.0-GA/javassist-3.15.0-GA.jar
2023-11-25 13:58:15,549 [AetherRepositoryConnector-repo.maven.apache.org-0-3] INFO  o.e.m.c.i.e.AbstractTransferListenerAdapter - Downloaded https://repo.maven.apache.org/maven2/xml-apis/xml-apis/1.0.b2/xml-apis-1.0.b2.jar
2023-11-25 13:58:15,561 [AetherRepositoryConnector-repo.maven.apache.org-0-4] INFO  o.e.m.c.i.e.AbstractTransferListenerAdapter - Downloaded https://repo.maven.apache.org/maven2/org/jboss/logging/jboss-logging/3.1.0.CR2/jboss-logging-3.1.0.CR2.jar
2023-11-25 13:58:15,561 [AetherRepositoryConnector-repo.maven.apache.org-0-0] INFO  o.e.m.c.i.e.AbstractTransferListenerAdapter - Downloaded https://repo.maven.apache.org/maven2/org/hibernate/hibernate-core/4.0.1.Final/hibernate-core-4.0.1.Final.jar
2023-11-25 13:58:15,561 [AetherRepositoryConnector-repo.maven.apache.org-0-2] INFO  o.e.m.c.i.e.AbstractTransferListenerAdapter - Downloaded https://repo.maven.apache.org/maven2/org/hibernate/javax/persistence/hibernate-jpa-2.0-api/1.0.1.Final/hibernate-jpa-2.0-api-1.0.1.Final.jar
2023-11-25 13:58:15,572 [AetherRepositoryConnector-repo.maven.apache.org-0-3] INFO  o.e.m.c.i.e.AbstractTransferListenerAdapter - Downloading https://repo.maven.apache.org/maven2/org/hibernate/common/hibernate-commons-annotations/4.0.1.Final/hibernate-commons-annotations-4.0.1.Final.jar
2023-11-25 13:58:15,575 [AetherRepositoryConnector-repo.maven.apache.org-0-1] INFO  o.e.m.c.i.e.AbstractTransferListenerAdapter - Downloaded https://repo.maven.apache.org/maven2/org/javassist/javassist/3.15.0-GA/javassist-3.15.0-GA.jar
2023-11-25 13:58:15,591 [AetherRepositoryConnector-repo.maven.apache.org-0-2] INFO  o.e.m.c.i.e.AbstractTransferListenerAdapter - Downloading https://repo.maven.apache.org/maven2/org/slf4j/slf4j-log4j12/1.5.2/slf4j-log4j12-1.5.2.jar
2023-11-25 13:58:15,594 [AetherRepositoryConnector-repo.maven.apache.org-0-0] INFO  o.e.m.c.i.e.AbstractTransferListenerAdapter - Downloading https://repo.maven.apache.org/maven2/mysql/mysql-connector-java/5.1.6/mysql-connector-java-5.1.6.jar
2023-11-25 13:58:15,601 [AetherRepositoryConnector-repo.maven.apache.org-0-4] INFO  o.e.m.c.i.e.AbstractTransferListenerAdapter - Downloading https://repo.maven.apache.org/maven2/org/hibernate/hibernate-entitymanager/4.1.0.Final/hibernate-entitymanager-4.1.0.Final.jar
2023-11-25 13:58:15,631 [AetherRepositoryConnector-repo.maven.apache.org-0-1] INFO  o.e.m.c.i.e.AbstractTransferListenerAdapter - Downloading https://repo.maven.apache.org/maven2/org/slf4j/slf4j-api/1.5.2/slf4j-api-1.5.2.jar
2023-11-25 13:58:15,631 [AetherRepositoryConnector-repo.maven.apache.org-0-3] INFO  o.e.m.c.i.e.AbstractTransferListenerAdapter - Downloaded https://repo.maven.apache.org/maven2/org/hibernate/common/hibernate-commons-annotations/4.0.1.Final/hibernate-commons-annotations-4.0.1.Final.jar
2023-11-25 13:58:15,640 [AetherRepositoryConnector-repo.maven.apache.org-0-2] INFO  o.e.m.c.i.e.AbstractTransferListenerAdapter - Downloaded https://repo.maven.apache.org/maven2/org/slf4j/slf4j-log4j12/1.5.2/slf4j-log4j12-1.5.2.jar
2023-11-25 13:58:15,658 [AetherRepositoryConnector-repo.maven.apache.org-0-0] INFO  o.e.m.c.i.e.AbstractTransferListenerAdapter - Downloaded https://repo.maven.apache.org/maven2/mysql/mysql-connector-java/5.1.6/mysql-connector-java-5.1.6.jar
2023-11-25 13:58:15,658 [AetherRepositoryConnector-repo.maven.apache.org-0-3] INFO  o.e.m.c.i.e.AbstractTransferListenerAdapter - Downloading https://repo.maven.apache.org/maven2/log4j/log4j/1.2.14/log4j-1.2.14.jar
2023-11-25 13:58:15,658 [AetherRepositoryConnector-repo.maven.apache.org-0-1] INFO  o.e.m.c.i.e.AbstractTransferListenerAdapter - Downloaded https://repo.maven.apache.org/maven2/org/slf4j/slf4j-api/1.5.2/slf4j-api-1.5.2.jar
2023-11-25 13:58:15,658 [AetherRepositoryConnector-repo.maven.apache.org-0-4] INFO  o.e.m.c.i.e.AbstractTransferListenerAdapter - Downloaded https://repo.maven.apache.org/maven2/org/hibernate/hibernate-entitymanager/4.1.0.Final/hibernate-entitymanager-4.1.0.Final.jar
2023-11-25 13:58:15,688 [AetherRepositoryConnector-repo.maven.apache.org-0-3] INFO  o.e.m.c.i.e.AbstractTransferListenerAdapter - Downloaded https://repo.maven.apache.org/maven2/log4j/log4j/1.2.14/log4j-1.2.14.jar
2023-11-25 13:58:16,393 [Worker-11: Importing Maven projects] INFO  o.e.m.j.i.AbstractJavaProjectConfigurator - Adding source folder /App_Clase7B_Comision73/src/main/java
2023-11-25 13:58:16,394 [Worker-11: Importing Maven projects] INFO  o.e.m.j.i.AbstractJavaProjectConfigurator - Adding resource folder /App_Clase7B_Comision73/src/main/resources
2023-11-25 13:58:16,396 [Worker-11: Importing Maven projects] INFO  o.e.m.j.i.AbstractJavaProjectConfigurator - Adding source folder /App_Clase7B_Comision73/src/test/java
2023-11-25 13:58:16,398 [Worker-11: Importing Maven projects] INFO  o.e.m.j.i.AbstractJavaProjectConfigurator - Adding resource folder /App_Clase7B_Comision73/src/test/resources
2023-11-25 13:58:16,586 [Worker-11: Importing Maven projects] INFO  o.e.m.c.i.p.ProjectConfigurationManager - Imported and configured 1 project(s) in 6 sec
2023-11-25 13:58:16,836 [Worker-11: Download sources and javadoc] INFO  o.e.m.c.i.e.AbstractTransferListenerAdapter - Downloading https://repo.maven.apache.org/maven2/org/hibernate/hibernate-core/4.0.1.Final/hibernate-core-4.0.1.Final-sources.jar
2023-11-25 13:58:17,049 [Worker-11: Download sources and javadoc] INFO  o.e.m.c.i.e.AbstractTransferListenerAdapter - Downloaded https://repo.maven.apache.org/maven2/org/hibernate/hibernate-core/4.0.1.Final/hibernate-core-4.0.1.Final-sources.jar
2023-11-25 13:58:17,053 [Worker-11: Download sources and javadoc] INFO  o.e.m.j.internal.DownloadSourcesJob - Downloaded sources for org.hibernate:hibernate-core:4.0.1.Final
2023-11-25 13:58:17,144 [Worker-11: Download sources and javadoc] INFO  o.e.m.c.i.e.AbstractTransferListenerAdapter - Downloading https://repo.maven.apache.org/maven2/commons-collections/commons-collections/3.2.1/commons-collections-3.2.1-sources.jar
2023-11-25 13:58:17,242 [Worker-11: Download sources and javadoc] INFO  o.e.m.c.i.e.AbstractTransferListenerAdapter - Downloaded https://repo.maven.apache.org/maven2/commons-collections/commons-collections/3.2.1/commons-collections-3.2.1-sources.jar
2023-11-25 13:58:17,250 [Worker-11: Download sources and javadoc] INFO  o.e.m.j.internal.DownloadSourcesJob - Downloaded sources for commons-collections:commons-collections:3.2.1
2023-11-25 13:58:17,491 [Worker-11: Download sources and javadoc] INFO  o.e.m.c.i.e.AbstractTransferListenerAdapter - Downloaded https://repo.maven.apache.org/maven2/antlr/antlr/2.7.7/antlr-2.7.7-sources.jar
2023-11-25 13:58:17,503 [Worker-11: Download sources and javadoc] ERROR o.e.m.j.internal.DownloadSourcesJob - Could not download sources for antlr:antlr:2.7.7
org.eclipse.core.runtime.CoreException: Could not resolve artifact antlr:antlr:jar:sources:2.7.7
	at org.eclipse.m2e.core.internal.embedder.MavenImpl.lambda$6(MavenImpl.java:584)
	at org.eclipse.m2e.core.internal.embedder.MavenExecutionContext.executeBare(MavenExecutionContext.java:394)
	at org.eclipse.m2e.core.internal.embedder.MavenExecutionContext.execute(MavenExecutionContext.java:228)
	at org.eclipse.m2e.core.internal.embedder.MavenExecutionContext.execute(MavenExecutionContext.java:214)
	at org.eclipse.m2e.core.internal.embedder.MavenImpl.resolve(MavenImpl.java:553)
	at org.eclipse.m2e.core.internal.embedder.MavenImpl.resolve(MavenImpl.java:538)
	at org.eclipse.m2e.jdt.internal.DownloadSourcesJob.download(DownloadSourcesJob.java:308)
	at org.eclipse.m2e.jdt.internal.DownloadSourcesJob.downloadAttachments(DownloadSourcesJob.java:282)
	at org.eclipse.m2e.jdt.internal.DownloadSourcesJob.downloadMaven(DownloadSourcesJob.java:252)
	at org.eclipse.m2e.jdt.internal.DownloadSourcesJob.downloadFilesAndPopulateToUpdate(DownloadSourcesJob.java:220)
	at org.eclipse.m2e.jdt.internal.DownloadSourcesJob.lambda$0(DownloadSourcesJob.java:149)
	at org.eclipse.m2e.core.internal.embedder.MavenExecutionContext.executeBare(MavenExecutionContext.java:394)
	at org.eclipse.m2e.core.internal.embedder.MavenExecutionContext.execute(MavenExecutionContext.java:275)
	at org.eclipse.m2e.core.internal.embedder.MavenExecutionContext.execute(MavenExecutionContext.java:214)
	at org.eclipse.m2e.core.embedder.IMaven.execute(IMaven.java:294)
	at org.eclipse.m2e.jdt.internal.DownloadSourcesJob.run(DownloadSourcesJob.java:149)
	at org.eclipse.core.internal.jobs.Worker.run(Worker.java:63)
2023-11-25 13:58:17,640 [Worker-11: Download sources and javadoc] INFO  o.e.m.c.i.e.AbstractTransferListenerAdapter - Downloading https://repo.maven.apache.org/maven2/org/jboss/spec/javax/transaction/jboss-transaction-api_1.1_spec/1.0.0.Final/jboss-transaction-api_1.1_spec-1.0.0.Final-sources.jar
2023-11-25 13:58:17,666 [Worker-11: Download sources and javadoc] INFO  o.e.m.c.i.e.AbstractTransferListenerAdapter - Downloaded https://repo.maven.apache.org/maven2/org/jboss/spec/javax/transaction/jboss-transaction-api_1.1_spec/1.0.0.Final/jboss-transaction-api_1.1_spec-1.0.0.Final-sources.jar
2023-11-25 13:58:17,671 [Worker-11: Download sources and javadoc] INFO  o.e.m.j.internal.DownloadSourcesJob - Downloaded sources for org.jboss.spec.javax.transaction:jboss-transaction-api_1.1_spec:1.0.0.Final
2023-11-25 13:58:17,776 [Worker-11: Download sources and javadoc] INFO  o.e.m.c.i.e.AbstractTransferListenerAdapter - Downloading https://repo.maven.apache.org/maven2/dom4j/dom4j/1.6.1/dom4j-1.6.1-sources.jar
2023-11-25 13:58:17,846 [Worker-11: Download sources and javadoc] INFO  o.e.m.c.i.e.AbstractTransferListenerAdapter - Downloaded https://repo.maven.apache.org/maven2/dom4j/dom4j/1.6.1/dom4j-1.6.1-sources.jar
2023-11-25 13:58:17,849 [Worker-11: Download sources and javadoc] INFO  o.e.m.j.internal.DownloadSourcesJob - Downloaded sources for dom4j:dom4j:1.6.1
2023-11-25 13:58:17,936 [Worker-11: Download sources and javadoc] INFO  o.e.m.c.i.e.AbstractTransferListenerAdapter - Downloading https://repo.maven.apache.org/maven2/xml-apis/xml-apis/1.0.b2/xml-apis-1.0.b2-sources.jar
2023-11-25 13:58:18,006 [Worker-11: Download sources and javadoc] INFO  o.e.m.c.i.e.AbstractTransferListenerAdapter - Downloaded https://repo.maven.apache.org/maven2/xml-apis/xml-apis/1.0.b2/xml-apis-1.0.b2-sources.jar
2023-11-25 13:58:18,012 [Worker-11: Download sources and javadoc] INFO  o.e.m.j.internal.DownloadSourcesJob - Downloaded sources for xml-apis:xml-apis:1.0.b2
2023-11-25 13:58:18,096 [Worker-11: Download sources and javadoc] INFO  o.e.m.c.i.e.AbstractTransferListenerAdapter - Downloading https://repo.maven.apache.org/maven2/org/hibernate/javax/persistence/hibernate-jpa-2.0-api/1.0.1.Final/hibernate-jpa-2.0-api-1.0.1.Final-sources.jar
2023-11-25 13:58:18,156 [Worker-11: Download sources and javadoc] INFO  o.e.m.c.i.e.AbstractTransferListenerAdapter - Downloaded https://repo.maven.apache.org/maven2/org/hibernate/javax/persistence/hibernate-jpa-2.0-api/1.0.1.Final/hibernate-jpa-2.0-api-1.0.1.Final-sources.jar
2023-11-25 13:58:18,161 [Worker-11: Download sources and javadoc] INFO  o.e.m.j.internal.DownloadSourcesJob - Downloaded sources for org.hibernate.javax.persistence:hibernate-jpa-2.0-api:1.0.1.Final
2023-11-25 13:58:18,269 [Worker-11: Download sources and javadoc] INFO  o.e.m.c.i.e.AbstractTransferListenerAdapter - Downloading https://repo.maven.apache.org/maven2/org/jboss/logging/jboss-logging/3.1.0.CR2/jboss-logging-3.1.0.CR2-sources.jar
2023-11-25 13:58:18,303 [Worker-11: Download sources and javadoc] INFO  o.e.m.c.i.e.AbstractTransferListenerAdapter - Downloaded https://repo.maven.apache.org/maven2/org/jboss/logging/jboss-logging/3.1.0.CR2/jboss-logging-3.1.0.CR2-sources.jar
2023-11-25 13:58:18,308 [Worker-11: Download sources and javadoc] INFO  o.e.m.j.internal.DownloadSourcesJob - Downloaded sources for org.jboss.logging:jboss-logging:3.1.0.CR2
2023-11-25 13:58:18,405 [Worker-11: Download sources and javadoc] INFO  o.e.m.c.i.e.AbstractTransferListenerAdapter - Downloading https://repo.maven.apache.org/maven2/org/javassist/javassist/3.15.0-GA/javassist-3.15.0-GA-sources.jar
2023-11-25 13:58:18,493 [Worker-11: Download sources and javadoc] INFO  o.e.m.c.i.e.AbstractTransferListenerAdapter - Downloaded https://repo.maven.apache.org/maven2/org/javassist/javassist/3.15.0-GA/javassist-3.15.0-GA-sources.jar
2023-11-25 13:58:18,498 [Worker-11: Download sources and javadoc] INFO  o.e.m.j.internal.DownloadSourcesJob - Downloaded sources for org.javassist:javassist:3.15.0-GA
2023-11-25 13:58:18,597 [Worker-11: Download sources and javadoc] INFO  o.e.m.c.i.e.AbstractTransferListenerAdapter - Downloading https://repo.maven.apache.org/maven2/org/hibernate/common/hibernate-commons-annotations/4.0.1.Final/hibernate-commons-annotations-4.0.1.Final-sources.jar
2023-11-25 13:58:18,643 [Worker-11: Download sources and javadoc] INFO  o.e.m.c.i.e.AbstractTransferListenerAdapter - Downloaded https://repo.maven.apache.org/maven2/org/hibernate/common/hibernate-commons-annotations/4.0.1.Final/hibernate-commons-annotations-4.0.1.Final-sources.jar
2023-11-25 13:58:18,649 [Worker-11: Download sources and javadoc] INFO  o.e.m.j.internal.DownloadSourcesJob - Downloaded sources for org.hibernate.common:hibernate-commons-annotations:4.0.1.Final
2023-11-25 13:58:18,762 [Worker-11: Download sources and javadoc] INFO  o.e.m.c.i.e.AbstractTransferListenerAdapter - Downloading https://repo.maven.apache.org/maven2/org/hibernate/hibernate-entitymanager/4.1.0.Final/hibernate-entitymanager-4.1.0.Final-sources.jar
2023-11-25 13:58:18,841 [Worker-11: Download sources and javadoc] INFO  o.e.m.c.i.e.AbstractTransferListenerAdapter - Downloaded https://repo.maven.apache.org/maven2/org/hibernate/hibernate-entitymanager/4.1.0.Final/hibernate-entitymanager-4.1.0.Final-sources.jar
2023-11-25 13:58:18,846 [Worker-11: Download sources and javadoc] INFO  o.e.m.j.internal.DownloadSourcesJob - Downloaded sources for org.hibernate:hibernate-entitymanager:4.1.0.Final
2023-11-25 13:58:19,120 [Worker-11: Download sources and javadoc] INFO  o.e.m.c.i.e.AbstractTransferListenerAdapter - Downloaded https://repo.maven.apache.org/maven2/mysql/mysql-connector-java/5.1.6/mysql-connector-java-5.1.6-sources.jar
2023-11-25 13:58:19,124 [Worker-11: Download sources and javadoc] ERROR o.e.m.j.internal.DownloadSourcesJob - Could not download sources for mysql:mysql-connector-java:5.1.6
org.eclipse.core.runtime.CoreException: Could not resolve artifact mysql:mysql-connector-java:jar:sources:5.1.6
	at org.eclipse.m2e.core.internal.embedder.MavenImpl.lambda$6(MavenImpl.java:584)
	at org.eclipse.m2e.core.internal.embedder.MavenExecutionContext.executeBare(MavenExecutionContext.java:394)
	at org.eclipse.m2e.core.internal.embedder.MavenExecutionContext.execute(MavenExecutionContext.java:228)
	at org.eclipse.m2e.core.internal.embedder.MavenExecutionContext.execute(MavenExecutionContext.java:214)
	at org.eclipse.m2e.core.internal.embedder.MavenImpl.resolve(MavenImpl.java:553)
	at org.eclipse.m2e.core.internal.embedder.MavenImpl.resolve(MavenImpl.java:538)
	at org.eclipse.m2e.jdt.internal.DownloadSourcesJob.download(DownloadSourcesJob.java:308)
	at org.eclipse.m2e.jdt.internal.DownloadSourcesJob.downloadAttachments(DownloadSourcesJob.java:282)
	at org.eclipse.m2e.jdt.internal.DownloadSourcesJob.downloadMaven(DownloadSourcesJob.java:252)
	at org.eclipse.m2e.jdt.internal.DownloadSourcesJob.downloadFilesAndPopulateToUpdate(DownloadSourcesJob.java:220)
	at org.eclipse.m2e.jdt.internal.DownloadSourcesJob.lambda$0(DownloadSourcesJob.java:149)
	at org.eclipse.m2e.core.internal.embedder.MavenExecutionContext.executeBare(MavenExecutionContext.java:394)
	at org.eclipse.m2e.core.internal.embedder.MavenExecutionContext.execute(MavenExecutionContext.java:275)
	at org.eclipse.m2e.core.internal.embedder.MavenExecutionContext.execute(MavenExecutionContext.java:214)
	at org.eclipse.m2e.core.embedder.IMaven.execute(IMaven.java:294)
	at org.eclipse.m2e.jdt.internal.DownloadSourcesJob.run(DownloadSourcesJob.java:149)
	at org.eclipse.core.internal.jobs.Worker.run(Worker.java:63)
2023-11-25 13:58:19,230 [Worker-11: Download sources and javadoc] INFO  o.e.m.c.i.e.AbstractTransferListenerAdapter - Downloading https://repo.maven.apache.org/maven2/org/slf4j/slf4j-log4j12/1.5.2/slf4j-log4j12-1.5.2-sources.jar
2023-11-25 13:58:19,263 [Worker-27: Building] INFO  o.a.m.s.f.DefaultMavenResourcesFiltering - skip non existing resourceDirectory /home/checox/Documents/ArgPrograma4.0-Java"INTERMEDIO?/App_Clase7B_Comision73/src/main/resources
2023-11-25 13:58:19,267 [Worker-11: Download sources and javadoc] INFO  o.e.m.c.i.e.AbstractTransferListenerAdapter - Downloaded https://repo.maven.apache.org/maven2/org/slf4j/slf4j-log4j12/1.5.2/slf4j-log4j12-1.5.2-sources.jar
2023-11-25 13:58:19,272 [Worker-11: Download sources and javadoc] INFO  o.e.m.j.internal.DownloadSourcesJob - Downloaded sources for org.slf4j:slf4j-log4j12:1.5.2
2023-11-25 13:58:19,295 [Worker-27: Building] INFO  o.a.m.s.f.DefaultMavenResourcesFiltering - skip non existing resourceDirectory /home/checox/Documents/ArgPrograma4.0-Java"INTERMEDIO?/App_Clase7B_Comision73/src/test/resources
2023-11-25 13:58:19,367 [Worker-11: Download sources and javadoc] INFO  o.e.m.c.i.e.AbstractTransferListenerAdapter - Downloading https://repo.maven.apache.org/maven2/org/slf4j/slf4j-api/1.5.2/slf4j-api-1.5.2-sources.jar
2023-11-25 13:58:19,396 [Worker-27: Building] INFO  o.e.m.c.i.e.AbstractTransferListenerAdapter - Downloading https://repo.maven.apache.org/maven2/org/apache/maven/plugins/maven-surefire-plugin/3.1.2/maven-surefire-plugin-3.1.2.pom
2023-11-25 13:58:19,404 [Worker-11: Download sources and javadoc] INFO  o.e.m.c.i.e.AbstractTransferListenerAdapter - Downloaded https://repo.maven.apache.org/maven2/org/slf4j/slf4j-api/1.5.2/slf4j-api-1.5.2-sources.jar
2023-11-25 13:58:19,410 [Worker-11: Download sources and javadoc] INFO  o.e.m.j.internal.DownloadSourcesJob - Downloaded sources for org.slf4j:slf4j-api:1.5.2
2023-11-25 13:58:19,429 [Worker-27: Building] INFO  o.e.m.c.i.e.AbstractTransferListenerAdapter - Downloaded https://repo.maven.apache.org/maven2/org/apache/maven/plugins/maven-surefire-plugin/3.1.2/maven-surefire-plugin-3.1.2.pom
2023-11-25 13:58:19,461 [Worker-27: Building] INFO  o.e.m.c.i.e.AbstractTransferListenerAdapter - Downloading https://repo.maven.apache.org/maven2/org/apache/maven/surefire/surefire/3.1.2/surefire-3.1.2.pom
2023-11-25 13:58:19,510 [Worker-11: Download sources and javadoc] INFO  o.e.m.c.i.e.AbstractTransferListenerAdapter - Downloading https://repo.maven.apache.org/maven2/log4j/log4j/1.2.14/log4j-1.2.14-sources.jar
2023-11-25 13:58:19,512 [Worker-27: Building] INFO  o.e.m.c.i.e.AbstractTransferListenerAdapter - Downloaded https://repo.maven.apache.org/maven2/org/apache/maven/surefire/surefire/3.1.2/surefire-3.1.2.pom
2023-11-25 13:58:19,692 [Worker-11: Download sources and javadoc] INFO  o.e.m.c.i.e.AbstractTransferListenerAdapter - Downloaded https://repo.maven.apache.org/maven2/log4j/log4j/1.2.14/log4j-1.2.14-sources.jar
2023-11-25 13:58:19,696 [Worker-11: Download sources and javadoc] INFO  o.e.m.j.internal.DownloadSourcesJob - Downloaded sources for log4j:log4j:1.2.14
2023-11-25 13:59:18,272 [Worker-25: Importing Maven projects] INFO  o.e.m.c.i.l.LifecycleMappingFactory - Using org.eclipse.m2e.jdt.JarLifecycleMapping lifecycle mapping for MavenProject: UTNFRGP:App_Clase7A_Comision73:0.0.1-SNAPSHOT @ /home/checox/Documents/ArgPrograma4.0-Java"INTERMEDIO?/App_Clase7A_Comision73/pom.xml.
2023-11-25 13:59:18,461 [Worker-25: Importing Maven projects] INFO  o.e.m.j.i.AbstractJavaProjectConfigurator - Adding source folder /App_Clase7A_Comision73/src/main/java
2023-11-25 13:59:18,462 [Worker-25: Importing Maven projects] INFO  o.e.m.j.i.AbstractJavaProjectConfigurator - Adding resource folder /App_Clase7A_Comision73/src/main/resources
2023-11-25 13:59:18,464 [Worker-25: Importing Maven projects] INFO  o.e.m.j.i.AbstractJavaProjectConfigurator - Adding source folder /App_Clase7A_Comision73/src/test/java
2023-11-25 13:59:18,465 [Worker-25: Importing Maven projects] INFO  o.e.m.j.i.AbstractJavaProjectConfigurator - Adding resource folder /App_Clase7A_Comision73/src/test/resources
2023-11-25 13:59:18,550 [Worker-25: Importing Maven projects] INFO  o.e.m.c.i.p.ProjectConfigurationManager - Imported and configured 1 project(s) in 0 sec
2023-11-25 13:59:19,027 [Worker-24: Building] WARN  o.a.m.s.f.DefaultMavenResourcesFiltering - Using platform encoding (UTF-8 actually) to copy filtered resources, i.e. build is platform dependent!
2023-11-25 13:59:19,044 [Worker-24: Building] INFO  o.a.m.s.f.DefaultMavenResourcesFiltering - Copying 0 resource from src/main/resources to target/classes
2023-11-25 13:59:19,055 [Worker-24: Building] WARN  o.a.m.s.f.DefaultMavenResourcesFiltering - Using platform encoding (UTF-8 actually) to copy filtered resources, i.e. build is platform dependent!
2023-11-25 13:59:19,059 [Worker-24: Building] INFO  o.a.m.s.f.DefaultMavenResourcesFiltering - Copying 0 resource from src/test/resources to target/test-classes
2023-11-25 13:59:19,754 [Worker-26: Download sources and javadoc] INFO  o.e.m.c.i.e.AbstractTransferListenerAdapter - Downloaded https://repo.maven.apache.org/maven2/antlr/antlr/2.7.7/antlr-2.7.7-javadoc.jar
2023-11-25 13:59:19,757 [Worker-26: Download sources and javadoc] ERROR o.e.m.j.internal.DownloadSourcesJob - Could not download javadoc for antlr:antlr:2.7.7
org.eclipse.core.runtime.CoreException: Could not resolve artifact antlr:antlr:jar:javadoc:2.7.7
	at org.eclipse.m2e.core.internal.embedder.MavenImpl.lambda$6(MavenImpl.java:584)
	at org.eclipse.m2e.core.internal.embedder.MavenExecutionContext.executeBare(MavenExecutionContext.java:394)
	at org.eclipse.m2e.core.internal.embedder.MavenExecutionContext.execute(MavenExecutionContext.java:228)
	at org.eclipse.m2e.core.internal.embedder.MavenExecutionContext.execute(MavenExecutionContext.java:214)
	at org.eclipse.m2e.core.internal.embedder.MavenImpl.resolve(MavenImpl.java:553)
	at org.eclipse.m2e.core.internal.embedder.MavenImpl.resolve(MavenImpl.java:538)
	at org.eclipse.m2e.jdt.internal.DownloadSourcesJob.download(DownloadSourcesJob.java:308)
	at org.eclipse.m2e.jdt.internal.DownloadSourcesJob.downloadAttachments(DownloadSourcesJob.java:294)
	at org.eclipse.m2e.jdt.internal.DownloadSourcesJob.downloadMaven(DownloadSourcesJob.java:252)
	at org.eclipse.m2e.jdt.internal.DownloadSourcesJob.downloadFilesAndPopulateToUpdate(DownloadSourcesJob.java:220)
	at org.eclipse.m2e.jdt.internal.DownloadSourcesJob.lambda$0(DownloadSourcesJob.java:149)
	at org.eclipse.m2e.core.internal.embedder.MavenExecutionContext.executeBare(MavenExecutionContext.java:394)
	at org.eclipse.m2e.core.internal.embedder.MavenExecutionContext.execute(MavenExecutionContext.java:275)
	at org.eclipse.m2e.core.internal.embedder.MavenExecutionContext.execute(MavenExecutionContext.java:214)
	at org.eclipse.m2e.core.embedder.IMaven.execute(IMaven.java:294)
	at org.eclipse.m2e.jdt.internal.DownloadSourcesJob.run(DownloadSourcesJob.java:149)
	at org.eclipse.core.internal.jobs.Worker.run(Worker.java:63)
2023-11-25 13:59:20,366 [Worker-26: Download sources and javadoc] INFO  o.e.m.c.i.e.AbstractTransferListenerAdapter - Downloaded https://repo.maven.apache.org/maven2/mysql/mysql-connector-java/5.1.6/mysql-connector-java-5.1.6-javadoc.jar
2023-11-25 13:59:20,369 [Worker-26: Download sources and javadoc] ERROR o.e.m.j.internal.DownloadSourcesJob - Could not download javadoc for mysql:mysql-connector-java:5.1.6
org.eclipse.core.runtime.CoreException: Could not resolve artifact mysql:mysql-connector-java:jar:javadoc:5.1.6
	at org.eclipse.m2e.core.internal.embedder.MavenImpl.lambda$6(MavenImpl.java:584)
	at org.eclipse.m2e.core.internal.embedder.MavenExecutionContext.executeBare(MavenExecutionContext.java:394)
	at org.eclipse.m2e.core.internal.embedder.MavenExecutionContext.execute(MavenExecutionContext.java:228)
	at org.eclipse.m2e.core.internal.embedder.MavenExecutionContext.execute(MavenExecutionContext.java:214)
	at org.eclipse.m2e.core.internal.embedder.MavenImpl.resolve(MavenImpl.java:553)
	at org.eclipse.m2e.core.internal.embedder.MavenImpl.resolve(MavenImpl.java:538)
	at org.eclipse.m2e.jdt.internal.DownloadSourcesJob.download(DownloadSourcesJob.java:308)
	at org.eclipse.m2e.jdt.internal.DownloadSourcesJob.downloadAttachments(DownloadSourcesJob.java:294)
	at org.eclipse.m2e.jdt.internal.DownloadSourcesJob.downloadMaven(DownloadSourcesJob.java:252)
	at org.eclipse.m2e.jdt.internal.DownloadSourcesJob.downloadFilesAndPopulateToUpdate(DownloadSourcesJob.java:220)
	at org.eclipse.m2e.jdt.internal.DownloadSourcesJob.lambda$0(DownloadSourcesJob.java:149)
	at org.eclipse.m2e.core.internal.embedder.MavenExecutionContext.executeBare(MavenExecutionContext.java:394)
	at org.eclipse.m2e.core.internal.embedder.MavenExecutionContext.execute(MavenExecutionContext.java:275)
	at org.eclipse.m2e.core.internal.embedder.MavenExecutionContext.execute(MavenExecutionContext.java:214)
	at org.eclipse.m2e.core.embedder.IMaven.execute(IMaven.java:294)
	at org.eclipse.m2e.jdt.internal.DownloadSourcesJob.run(DownloadSourcesJob.java:149)
	at org.eclipse.core.internal.jobs.Worker.run(Worker.java:63)
2023-11-25 16:25:10,972 [Worker-2: Loading available Gradle versions] INFO  o.e.b.c.i.u.g.PublishedGradleVersions - Gradle version information cache is up-to-date. Trying to read.
2023-11-25 16:30:02,652 [ModalContext] INFO  o.e.m.c.i.e.AbstractTransferListenerAdapter - Downloading https://repo.maven.apache.org/maven2/am/ik/archetype/elm-spring-boot-blank-archetype/0.0.3/elm-spring-boot-blank-archetype-0.0.3.pom
2023-11-25 16:30:02,698 [ModalContext] INFO  o.e.m.c.i.e.AbstractTransferListenerAdapter - Downloaded https://repo.maven.apache.org/maven2/am/ik/archetype/elm-spring-boot-blank-archetype/0.0.3/elm-spring-boot-blank-archetype-0.0.3.pom
2023-11-25 16:30:02,741 [ModalContext] INFO  o.e.m.c.i.e.AbstractTransferListenerAdapter - Downloading https://repo.maven.apache.org/maven2/am/ik/archetype/elm-spring-boot-blank-archetype/0.0.3/elm-spring-boot-blank-archetype-0.0.3.jar
2023-11-25 16:30:02,788 [ModalContext] INFO  o.e.m.c.i.e.AbstractTransferListenerAdapter - Downloaded https://repo.maven.apache.org/maven2/am/ik/archetype/elm-spring-boot-blank-archetype/0.0.3/elm-spring-boot-blank-archetype-0.0.3.jar
2023-11-25 16:30:24,566 [Worker-2: Launching mavenrun-fda6335d-3e0b-4eeb-aa43-4614c50127c3] INFO  o.eclipse.m2e.core.internal.Bundles - getClasspathEntries(Bundle=org.eclipse.m2e.maven.runtime_3.9.400.20230826-0755 [292])
2023-11-25 16:30:24,576 [Worker-2: Launching mavenrun-fda6335d-3e0b-4eeb-aa43-4614c50127c3] INFO  o.eclipse.m2e.core.internal.Bundles - 	Entry: /snap/eclipse/73/plugins/org.eclipse.m2e.maven.runtime_3.9.400.20230826-0755
2023-11-25 16:30:24,577 [Worker-2: Launching mavenrun-fda6335d-3e0b-4eeb-aa43-4614c50127c3] INFO  o.eclipse.m2e.core.internal.Bundles - 	Entry: /snap/eclipse/73/plugins/org.eclipse.m2e.maven.runtime_3.9.400.20230826-0755/jars/aether-connector-okhttp-0.17.8.jar
2023-11-25 16:30:24,578 [Worker-2: Launching mavenrun-fda6335d-3e0b-4eeb-aa43-4614c50127c3] INFO  o.eclipse.m2e.core.internal.Bundles - 	Entry: /snap/eclipse/73/plugins/org.eclipse.m2e.maven.runtime_3.9.400.20230826-0755/jars/aopalliance-1.0.jar
2023-11-25 16:30:24,579 [Worker-2: Launching mavenrun-fda6335d-3e0b-4eeb-aa43-4614c50127c3] INFO  o.eclipse.m2e.core.internal.Bundles - 	Entry: /snap/eclipse/73/plugins/org.eclipse.m2e.maven.runtime_3.9.400.20230826-0755/jars/commons-lang3-3.12.0.jar
2023-11-25 16:30:24,579 [Worker-2: Launching mavenrun-fda6335d-3e0b-4eeb-aa43-4614c50127c3] INFO  o.eclipse.m2e.core.internal.Bundles - 	Entry: /snap/eclipse/73/plugins/org.eclipse.m2e.maven.runtime_3.9.400.20230826-0755/jars/guice-5.1.0.jar
2023-11-25 16:30:24,580 [Worker-2: Launching mavenrun-fda6335d-3e0b-4eeb-aa43-4614c50127c3] INFO  o.eclipse.m2e.core.internal.Bundles - 	Entry: /snap/eclipse/73/plugins/org.eclipse.m2e.maven.runtime_3.9.400.20230826-0755/jars/jansi-2.4.0.jar
2023-11-25 16:30:24,580 [Worker-2: Launching mavenrun-fda6335d-3e0b-4eeb-aa43-4614c50127c3] INFO  o.eclipse.m2e.core.internal.Bundles - 	Entry: /snap/eclipse/73/plugins/org.eclipse.m2e.maven.runtime_3.9.400.20230826-0755/jars/maven-artifact-3.9.4.jar
2023-11-25 16:30:24,580 [Worker-2: Launching mavenrun-fda6335d-3e0b-4eeb-aa43-4614c50127c3] INFO  o.eclipse.m2e.core.internal.Bundles - 	Entry: /snap/eclipse/73/plugins/org.eclipse.m2e.maven.runtime_3.9.400.20230826-0755/jars/maven-builder-support-3.9.4.jar
2023-11-25 16:30:24,580 [Worker-2: Launching mavenrun-fda6335d-3e0b-4eeb-aa43-4614c50127c3] INFO  o.eclipse.m2e.core.internal.Bundles - 	Entry: /snap/eclipse/73/plugins/org.eclipse.m2e.maven.runtime_3.9.400.20230826-0755/jars/maven-compat-3.9.4.jar
2023-11-25 16:30:24,580 [Worker-2: Launching mavenrun-fda6335d-3e0b-4eeb-aa43-4614c50127c3] INFO  o.eclipse.m2e.core.internal.Bundles - 	Entry: /snap/eclipse/73/plugins/org.eclipse.m2e.maven.runtime_3.9.400.20230826-0755/jars/maven-core-3.9.4.jar
2023-11-25 16:30:24,580 [Worker-2: Launching mavenrun-fda6335d-3e0b-4eeb-aa43-4614c50127c3] INFO  o.eclipse.m2e.core.internal.Bundles - 	Entry: /snap/eclipse/73/plugins/org.eclipse.m2e.maven.runtime_3.9.400.20230826-0755/jars/maven-embedder-3.9.4.jar
2023-11-25 16:30:24,581 [Worker-2: Launching mavenrun-fda6335d-3e0b-4eeb-aa43-4614c50127c3] INFO  o.eclipse.m2e.core.internal.Bundles - 	Entry: /snap/eclipse/73/plugins/org.eclipse.m2e.maven.runtime_3.9.400.20230826-0755/jars/maven-model-3.9.4.jar
2023-11-25 16:30:24,581 [Worker-2: Launching mavenrun-fda6335d-3e0b-4eeb-aa43-4614c50127c3] INFO  o.eclipse.m2e.core.internal.Bundles - 	Entry: /snap/eclipse/73/plugins/org.eclipse.m2e.maven.runtime_3.9.400.20230826-0755/jars/maven-model-builder-3.9.4.jar
2023-11-25 16:30:24,581 [Worker-2: Launching mavenrun-fda6335d-3e0b-4eeb-aa43-4614c50127c3] INFO  o.eclipse.m2e.core.internal.Bundles - 	Entry: /snap/eclipse/73/plugins/org.eclipse.m2e.maven.runtime_3.9.400.20230826-0755/jars/maven-plugin-api-3.9.4.jar
2023-11-25 16:30:24,581 [Worker-2: Launching mavenrun-fda6335d-3e0b-4eeb-aa43-4614c50127c3] INFO  o.eclipse.m2e.core.internal.Bundles - 	Entry: /snap/eclipse/73/plugins/org.eclipse.m2e.maven.runtime_3.9.400.20230826-0755/jars/maven-repository-metadata-3.9.4.jar
2023-11-25 16:30:24,581 [Worker-2: Launching mavenrun-fda6335d-3e0b-4eeb-aa43-4614c50127c3] INFO  o.eclipse.m2e.core.internal.Bundles - 	Entry: /snap/eclipse/73/plugins/org.eclipse.m2e.maven.runtime_3.9.400.20230826-0755/jars/maven-resolver-api-1.9.14.jar
2023-11-25 16:30:24,582 [Worker-2: Launching mavenrun-fda6335d-3e0b-4eeb-aa43-4614c50127c3] INFO  o.eclipse.m2e.core.internal.Bundles - 	Entry: /snap/eclipse/73/plugins/org.eclipse.m2e.maven.runtime_3.9.400.20230826-0755/jars/maven-resolver-connector-basic-1.9.14.jar
2023-11-25 16:30:24,582 [Worker-2: Launching mavenrun-fda6335d-3e0b-4eeb-aa43-4614c50127c3] INFO  o.eclipse.m2e.core.internal.Bundles - 	Entry: /snap/eclipse/73/plugins/org.eclipse.m2e.maven.runtime_3.9.400.20230826-0755/jars/maven-resolver-impl-1.9.14.jar
2023-11-25 16:30:24,583 [Worker-2: Launching mavenrun-fda6335d-3e0b-4eeb-aa43-4614c50127c3] INFO  o.eclipse.m2e.core.internal.Bundles - 	Entry: /snap/eclipse/73/plugins/org.eclipse.m2e.maven.runtime_3.9.400.20230826-0755/jars/maven-resolver-named-locks-1.9.14.jar
2023-11-25 16:30:24,583 [Worker-2: Launching mavenrun-fda6335d-3e0b-4eeb-aa43-4614c50127c3] INFO  o.eclipse.m2e.core.internal.Bundles - 	Entry: /snap/eclipse/73/plugins/org.eclipse.m2e.maven.runtime_3.9.400.20230826-0755/jars/maven-resolver-provider-3.9.4.jar
2023-11-25 16:30:24,583 [Worker-2: Launching mavenrun-fda6335d-3e0b-4eeb-aa43-4614c50127c3] INFO  o.eclipse.m2e.core.internal.Bundles - 	Entry: /snap/eclipse/73/plugins/org.eclipse.m2e.maven.runtime_3.9.400.20230826-0755/jars/maven-resolver-spi-1.9.14.jar
2023-11-25 16:30:24,583 [Worker-2: Launching mavenrun-fda6335d-3e0b-4eeb-aa43-4614c50127c3] INFO  o.eclipse.m2e.core.internal.Bundles - 	Entry: /snap/eclipse/73/plugins/org.eclipse.m2e.maven.runtime_3.9.400.20230826-0755/jars/maven-resolver-transport-wagon-1.9.14.jar
2023-11-25 16:30:24,583 [Worker-2: Launching mavenrun-fda6335d-3e0b-4eeb-aa43-4614c50127c3] INFO  o.eclipse.m2e.core.internal.Bundles - 	Entry: /snap/eclipse/73/plugins/org.eclipse.m2e.maven.runtime_3.9.400.20230826-0755/jars/maven-resolver-util-1.9.14.jar
2023-11-25 16:30:24,584 [Worker-2: Launching mavenrun-fda6335d-3e0b-4eeb-aa43-4614c50127c3] INFO  o.eclipse.m2e.core.internal.Bundles - 	Entry: /snap/eclipse/73/plugins/org.eclipse.m2e.maven.runtime_3.9.400.20230826-0755/jars/maven-settings-3.9.4.jar
2023-11-25 16:30:24,584 [Worker-2: Launching mavenrun-fda6335d-3e0b-4eeb-aa43-4614c50127c3] INFO  o.eclipse.m2e.core.internal.Bundles - 	Entry: /snap/eclipse/73/plugins/org.eclipse.m2e.maven.runtime_3.9.400.20230826-0755/jars/maven-settings-builder-3.9.4.jar
2023-11-25 16:30:24,584 [Worker-2: Launching mavenrun-fda6335d-3e0b-4eeb-aa43-4614c50127c3] INFO  o.eclipse.m2e.core.internal.Bundles - 	Entry: /snap/eclipse/73/plugins/org.eclipse.m2e.maven.runtime_3.9.400.20230826-0755/jars/maven-shared-utils-3.3.4.jar
2023-11-25 16:30:24,584 [Worker-2: Launching mavenrun-fda6335d-3e0b-4eeb-aa43-4614c50127c3] INFO  o.eclipse.m2e.core.internal.Bundles - 	Entry: /snap/eclipse/73/plugins/org.eclipse.m2e.maven.runtime_3.9.400.20230826-0755/jars/okhttp-3.14.1.jar
2023-11-25 16:30:24,584 [Worker-2: Launching mavenrun-fda6335d-3e0b-4eeb-aa43-4614c50127c3] INFO  o.eclipse.m2e.core.internal.Bundles - 	Entry: /snap/eclipse/73/plugins/org.eclipse.m2e.maven.runtime_3.9.400.20230826-0755/jars/okio-1.17.3.jar
2023-11-25 16:30:24,584 [Worker-2: Launching mavenrun-fda6335d-3e0b-4eeb-aa43-4614c50127c3] INFO  o.eclipse.m2e.core.internal.Bundles - 	Entry: /snap/eclipse/73/plugins/org.eclipse.m2e.maven.runtime_3.9.400.20230826-0755/jars/org.eclipse.sisu.inject-0.3.5.jar
2023-11-25 16:30:24,585 [Worker-2: Launching mavenrun-fda6335d-3e0b-4eeb-aa43-4614c50127c3] INFO  o.eclipse.m2e.core.internal.Bundles - 	Entry: /snap/eclipse/73/plugins/org.eclipse.m2e.maven.runtime_3.9.400.20230826-0755/jars/org.eclipse.sisu.plexus-0.3.5.jar
2023-11-25 16:30:24,585 [Worker-2: Launching mavenrun-fda6335d-3e0b-4eeb-aa43-4614c50127c3] INFO  o.eclipse.m2e.core.internal.Bundles - 	Entry: /snap/eclipse/73/plugins/org.eclipse.m2e.maven.runtime_3.9.400.20230826-0755/jars/plexus-build-api-0.0.7.jar
2023-11-25 16:30:24,585 [Worker-2: Launching mavenrun-fda6335d-3e0b-4eeb-aa43-4614c50127c3] INFO  o.eclipse.m2e.core.internal.Bundles - 	Entry: /snap/eclipse/73/plugins/org.eclipse.m2e.maven.runtime_3.9.400.20230826-0755/jars/plexus-cipher-2.0.jar
2023-11-25 16:30:24,585 [Worker-2: Launching mavenrun-fda6335d-3e0b-4eeb-aa43-4614c50127c3] INFO  o.eclipse.m2e.core.internal.Bundles - 	Entry: /snap/eclipse/73/plugins/org.eclipse.m2e.maven.runtime_3.9.400.20230826-0755/jars/plexus-classworlds-2.7.0.jar
2023-11-25 16:30:24,585 [Worker-2: Launching mavenrun-fda6335d-3e0b-4eeb-aa43-4614c50127c3] INFO  o.eclipse.m2e.core.internal.Bundles - 	Entry: /snap/eclipse/73/plugins/org.eclipse.m2e.maven.runtime_3.9.400.20230826-0755/jars/plexus-component-annotations-2.1.0.jar
2023-11-25 16:30:24,586 [Worker-2: Launching mavenrun-fda6335d-3e0b-4eeb-aa43-4614c50127c3] INFO  o.eclipse.m2e.core.internal.Bundles - 	Entry: /snap/eclipse/73/plugins/org.eclipse.m2e.maven.runtime_3.9.400.20230826-0755/jars/plexus-interpolation-1.26.jar
2023-11-25 16:30:24,586 [Worker-2: Launching mavenrun-fda6335d-3e0b-4eeb-aa43-4614c50127c3] INFO  o.eclipse.m2e.core.internal.Bundles - 	Entry: /snap/eclipse/73/plugins/org.eclipse.m2e.maven.runtime_3.9.400.20230826-0755/jars/plexus-sec-dispatcher-2.0.jar
2023-11-25 16:30:24,587 [Worker-2: Launching mavenrun-fda6335d-3e0b-4eeb-aa43-4614c50127c3] INFO  o.eclipse.m2e.core.internal.Bundles - 	Entry: /snap/eclipse/73/plugins/org.eclipse.m2e.maven.runtime_3.9.400.20230826-0755/jars/plexus-utils-3.5.1.jar
2023-11-25 16:30:24,588 [Worker-2: Launching mavenrun-fda6335d-3e0b-4eeb-aa43-4614c50127c3] INFO  o.eclipse.m2e.core.internal.Bundles - 	Entry: /snap/eclipse/73/plugins/org.eclipse.m2e.maven.runtime_3.9.400.20230826-0755/jars/wagon-file-3.5.3.jar
2023-11-25 16:30:24,589 [Worker-2: Launching mavenrun-fda6335d-3e0b-4eeb-aa43-4614c50127c3] INFO  o.eclipse.m2e.core.internal.Bundles - 	Entry: /snap/eclipse/73/plugins/org.eclipse.m2e.maven.runtime_3.9.400.20230826-0755/jars/wagon-provider-api-3.5.3.jar
2023-11-25 16:30:24,598 [Worker-2: Launching mavenrun-fda6335d-3e0b-4eeb-aa43-4614c50127c3] INFO  o.eclipse.m2e.core.internal.Bundles - getClasspathEntries(Bundle=com.google.guava_32.1.2.jre [10])
2023-11-25 16:30:24,601 [Worker-2: Launching mavenrun-fda6335d-3e0b-4eeb-aa43-4614c50127c3] INFO  o.eclipse.m2e.core.internal.Bundles - 	Entry: /snap/eclipse/73/plugins/com.google.guava_32.1.2.jre.jar
2023-11-25 16:30:24,602 [Worker-2: Launching mavenrun-fda6335d-3e0b-4eeb-aa43-4614c50127c3] INFO  o.eclipse.m2e.core.internal.Bundles - getClasspathEntries(Bundle=slf4j.api_2.0.7 [511])
2023-11-25 16:30:24,602 [Worker-2: Launching mavenrun-fda6335d-3e0b-4eeb-aa43-4614c50127c3] INFO  o.eclipse.m2e.core.internal.Bundles - 	Entry: /snap/eclipse/73/plugins/slf4j.api_2.0.7.jar
2023-11-25 16:30:24,603 [Worker-2: Launching mavenrun-fda6335d-3e0b-4eeb-aa43-4614c50127c3] INFO  o.eclipse.m2e.core.internal.Bundles - getClasspathEntries(Bundle=javax.inject_1.0.0.v20220405-0441 [26])
2023-11-25 16:30:24,603 [Worker-2: Launching mavenrun-fda6335d-3e0b-4eeb-aa43-4614c50127c3] INFO  o.eclipse.m2e.core.internal.Bundles - 	Entry: /snap/eclipse/73/plugins/javax.inject_1.0.0.v20220405-0441.jar
2023-11-25 16:30:24,603 [Worker-2: Launching mavenrun-fda6335d-3e0b-4eeb-aa43-4614c50127c3] INFO  o.eclipse.m2e.core.internal.Bundles - getClasspathEntries(Bundle=javax.annotation_1.3.5.v20200909-1856 [24])
2023-11-25 16:30:24,604 [Worker-2: Launching mavenrun-fda6335d-3e0b-4eeb-aa43-4614c50127c3] INFO  o.eclipse.m2e.core.internal.Bundles - 	Entry: /snap/eclipse/73/plugins/javax.annotation_1.3.5.v20200909-1856.jar
2023-11-25 16:30:24,605 [Worker-2: Launching mavenrun-fda6335d-3e0b-4eeb-aa43-4614c50127c3] INFO  o.eclipse.m2e.core.internal.Bundles - getClasspathEntries(Bundle=org.apache.commons.cli_1.5.0 [49])
2023-11-25 16:30:24,609 [Worker-2: Launching mavenrun-fda6335d-3e0b-4eeb-aa43-4614c50127c3] INFO  o.eclipse.m2e.core.internal.Bundles - 	Entry: /snap/eclipse/73/plugins/org.apache.commons.cli_1.5.0.jar
2023-11-25 16:30:24,610 [Worker-2: Launching mavenrun-fda6335d-3e0b-4eeb-aa43-4614c50127c3] INFO  o.eclipse.m2e.core.internal.Bundles - getClasspathEntries(Bundle=com.google.guava.failureaccess_1.0.1 [12])
2023-11-25 16:30:24,610 [Worker-2: Launching mavenrun-fda6335d-3e0b-4eeb-aa43-4614c50127c3] INFO  o.eclipse.m2e.core.internal.Bundles - 	Entry: /snap/eclipse/73/plugins/com.google.guava.failureaccess_1.0.1.jar
2023-11-25 16:30:24,619 [Worker-2: Launching mavenrun-fda6335d-3e0b-4eeb-aa43-4614c50127c3] INFO  o.e.m.i.launch.MavenLaunchDelegate - Run build in "/tmp/m2e-archetypeGenerator12894219844080974776":
2023-11-25 16:30:24,628 [Worker-2: Launching mavenrun-fda6335d-3e0b-4eeb-aa43-4614c50127c3] INFO  o.e.m.i.launch.MavenLaunchDelegate -  mvn  -DarchetypeGroupId=am.ik.archetype -DarchetypeArtifactId=elm-spring-boot-blank-archetype -DarchetypeVersion=0.0.3 -DgroupId=Entrega1 -DartifactId=Entrega1 -Dversion=0.0.1-SNAPSHOT -Dpackage=Entrega1.Entrega1 -DoutputDirectory=/home/checox/Documents/ArgPrograma4.0-Java"INTERMEDIO?/Entrega1 -Dstyle.color=always -U archetype:generate
2023-11-25 16:32:11,841 [Worker-23: reload maven project] ERROR o.e.m.c.i.p.r.ProjectRegistryManager - Failed to read Maven project: Some problems were encountered while processing the POMs:
[FATAL] 'parent.artifactId' must be changed, the parent element cannot have the same groupId:artifactId as the project. @ line 5, column 17

org.apache.maven.project.ProjectBuildingException: Some problems were encountered while processing the POMs:
[FATAL] 'parent.artifactId' must be changed, the parent element cannot have the same groupId:artifactId as the project. @ line 5, column 17

	at org.eclipse.m2e.core.internal.IMavenToolbox.readMavenProjects(IMavenToolbox.java:131)
	at org.eclipse.m2e.core.internal.project.registry.ProjectRegistryManager.lambda$22(ProjectRegistryManager.java:940)
	at org.eclipse.m2e.core.internal.embedder.MavenExecutionContext.executeBare(MavenExecutionContext.java:394)
	at org.eclipse.m2e.core.internal.embedder.MavenExecutionContext.execute(MavenExecutionContext.java:275)
	at org.eclipse.m2e.core.internal.embedder.MavenExecutionContext.execute(MavenExecutionContext.java:214)
	at org.eclipse.m2e.core.internal.project.registry.ProjectRegistryManager.readProjectsWithDependencies(ProjectRegistryManager.java:936)
	at org.eclipse.m2e.core.internal.project.registry.ProjectRegistryManager.create(ProjectRegistryManager.java:220)
	at org.eclipse.m2e.core.internal.project.registry.MavenProjectManager.create(MavenProjectManager.java:105)
	at org.eclipse.m2e.core.ui.internal.actions.SelectionUtil.getMavenProject(SelectionUtil.java:239)
	at org.eclipse.m2e.editor.pom.MavenPomEditor.readMavenProject(MavenPomEditor.java:708)
	at org.eclipse.m2e.editor.pom.MavenPomEditor$4.run(MavenPomEditor.java:1028)
	at org.eclipse.core.internal.jobs.Worker.run(Worker.java:63)
2023-11-25 16:32:39,714 [Worker-26: Building] INFO  o.e.m.c.i.l.LifecycleMappingFactory - Using org.eclipse.m2e.jdt.JarLifecycleMapping lifecycle mapping for MavenProject: UTNFRGP:App_Clase7A_Comision73:0.0.1-SNAPSHOT @ /home/checox/Documents/ArgPrograma4.0-Java"INTERMEDIO?/entregaUno/pom.xml.
2023-11-25 16:32:40,902 [Worker-26: Building] WARN  o.a.m.s.f.DefaultMavenResourcesFiltering - Using platform encoding (UTF-8 actually) to copy filtered resources, i.e. build is platform dependent!
2023-11-25 16:32:40,920 [Worker-26: Building] INFO  o.a.m.s.f.DefaultMavenResourcesFiltering - Copying 0 resource from src/main/resources to target/classes
2023-11-25 16:32:40,934 [Worker-26: Building] WARN  o.a.m.s.f.DefaultMavenResourcesFiltering - Using platform encoding (UTF-8 actually) to copy filtered resources, i.e. build is platform dependent!
2023-11-25 16:32:40,939 [Worker-26: Building] INFO  o.a.m.s.f.DefaultMavenResourcesFiltering - Copying 0 resource from src/test/resources to target/test-classes
2023-11-25 16:41:09,226 [Worker-25: Importing Maven projects] INFO  o.e.m.c.i.l.LifecycleMappingFactory - Using org.eclipse.m2e.jdt.JarLifecycleMapping lifecycle mapping for MavenProject: UTN.FRGP:App_Clase7B_Comision73:0.0.1 @ /home/checox/Documents/ArgPrograma4.0-Java"INTERMEDIO?/Entrega1/App_Clase7B_Comision73/pom.xml.
2023-11-25 16:41:09,643 [Worker-25: Importing Maven projects] INFO  o.e.m.j.i.AbstractJavaProjectConfigurator - Adding source folder /UTN.FRGP.App_Clase7B_Comision73-0.0.1/src/main/java
2023-11-25 16:41:09,645 [Worker-25: Importing Maven projects] INFO  o.e.m.j.i.AbstractJavaProjectConfigurator - Adding resource folder /UTN.FRGP.App_Clase7B_Comision73-0.0.1/src/main/resources
2023-11-25 16:41:09,646 [Worker-25: Importing Maven projects] INFO  o.e.m.j.i.AbstractJavaProjectConfigurator - Adding source folder /UTN.FRGP.App_Clase7B_Comision73-0.0.1/src/test/java
2023-11-25 16:41:09,648 [Worker-25: Importing Maven projects] INFO  o.e.m.j.i.AbstractJavaProjectConfigurator - Adding resource folder /UTN.FRGP.App_Clase7B_Comision73-0.0.1/src/test/resources
2023-11-25 16:41:09,718 [Worker-25: Importing Maven projects] INFO  o.e.m.c.i.p.ProjectConfigurationManager - Imported and configured 1 project(s) in 0 sec
2023-11-25 16:41:10,924 [Worker-25: Building] INFO  o.a.m.s.f.DefaultMavenResourcesFiltering - skip non existing resourceDirectory /home/checox/Documents/ArgPrograma4.0-Java"INTERMEDIO?/Entrega1/App_Clase7B_Comision73/src/main/resources
2023-11-25 16:41:10,948 [Worker-25: Building] INFO  o.a.m.s.f.DefaultMavenResourcesFiltering - skip non existing resourceDirectory /home/checox/Documents/ArgPrograma4.0-Java"INTERMEDIO?/Entrega1/App_Clase7B_Comision73/src/test/resources
2023-11-25 16:44:49,082 [Worker-31: Building] INFO  o.a.m.s.f.DefaultMavenResourcesFiltering - skip non existing resourceDirectory /home/checox/Documents/ArgPrograma4.0-Java"INTERMEDIO?/Entrega1/App_Clase7B_Comision73/src/main/resources
2023-11-25 16:44:49,092 [Worker-31: Building] INFO  o.a.m.s.f.DefaultMavenResourcesFiltering - skip non existing resourceDirectory /home/checox/Documents/ArgPrograma4.0-Java"INTERMEDIO?/Entrega1/App_Clase7B_Comision73/src/test/resources
2023-11-25 16:46:41,224 [Worker-23: Building] INFO  o.a.m.s.f.DefaultMavenResourcesFiltering - skip non existing resourceDirectory /home/checox/Documents/ArgPrograma4.0-Java"INTERMEDIO?/Entrega1/App_Clase7B_Comision73/src/main/resources
2023-11-25 16:46:41,236 [Worker-23: Building] INFO  o.a.m.s.f.DefaultMavenResourcesFiltering - skip non existing resourceDirectory /home/checox/Documents/ArgPrograma4.0-Java"INTERMEDIO?/Entrega1/App_Clase7B_Comision73/src/test/resources
2023-11-25 16:47:49,060 [Worker-30: Building] INFO  o.a.m.s.f.DefaultMavenResourcesFiltering - skip non existing resourceDirectory /home/checox/Documents/ArgPrograma4.0-Java"INTERMEDIO?/Entrega1/App_Clase7B_Comision73/src/main/resources
2023-11-25 16:47:49,070 [Worker-30: Building] INFO  o.a.m.s.f.DefaultMavenResourcesFiltering - skip non existing resourceDirectory /home/checox/Documents/ArgPrograma4.0-Java"INTERMEDIO?/Entrega1/App_Clase7B_Comision73/src/test/resources
2023-11-25 16:49:45,619 [Worker-35: Building] INFO  o.a.m.s.f.DefaultMavenResourcesFiltering - skip non existing resourceDirectory /home/checox/Documents/ArgPrograma4.0-Java"INTERMEDIO?/Entrega1/App_Clase7B_Comision73/src/main/resources
2023-11-25 16:49:45,628 [Worker-35: Building] INFO  o.a.m.s.f.DefaultMavenResourcesFiltering - skip non existing resourceDirectory /home/checox/Documents/ArgPrograma4.0-Java"INTERMEDIO?/Entrega1/App_Clase7B_Comision73/src/test/resources
2023-11-25 16:52:22,537 [Worker-33: Building] INFO  o.a.m.s.f.DefaultMavenResourcesFiltering - skip non existing resourceDirectory /home/checox/Documents/ArgPrograma4.0-Java"INTERMEDIO?/Entrega1/App_Clase7B_Comision73/src/main/resources
2023-11-25 16:52:22,569 [Worker-33: Building] INFO  o.a.m.s.f.DefaultMavenResourcesFiltering - skip non existing resourceDirectory /home/checox/Documents/ArgPrograma4.0-Java"INTERMEDIO?/Entrega1/App_Clase7B_Comision73/src/test/resources
2023-11-25 16:52:52,188 [Worker-28: Building] INFO  o.a.m.s.f.DefaultMavenResourcesFiltering - skip non existing resourceDirectory /home/checox/Documents/ArgPrograma4.0-Java"INTERMEDIO?/Entrega1/App_Clase7B_Comision73/src/main/resources
2023-11-25 16:52:52,197 [Worker-28: Building] INFO  o.a.m.s.f.DefaultMavenResourcesFiltering - skip non existing resourceDirectory /home/checox/Documents/ArgPrograma4.0-Java"INTERMEDIO?/Entrega1/App_Clase7B_Comision73/src/test/resources
2023-11-25 16:53:47,585 [Worker-33: Building] INFO  o.e.m.c.i.l.LifecycleMappingFactory - Using org.eclipse.m2e.jdt.JarLifecycleMapping lifecycle mapping for MavenProject: UTN.FRGP:App_Clase7B_Comision73:0.0.1 @ /home/checox/Documents/ArgPrograma4.0-Java"INTERMEDIO?/Entrega1/App_Clase7B_Comision73/pom.xml.
2023-11-25 16:53:48,452 [Worker-33: Building] INFO  o.a.m.s.f.DefaultMavenResourcesFiltering - skip non existing resourceDirectory /home/checox/Documents/ArgPrograma4.0-Java"INTERMEDIO?/Entrega1/App_Clase7B_Comision73/src/main/resources
2023-11-25 16:53:48,461 [Worker-33: Building] INFO  o.a.m.s.f.DefaultMavenResourcesFiltering - skip non existing resourceDirectory /home/checox/Documents/ArgPrograma4.0-Java"INTERMEDIO?/Entrega1/App_Clase7B_Comision73/src/test/resources
2023-11-25 16:54:17,508 [Worker-33: Building] INFO  o.a.m.s.f.DefaultMavenResourcesFiltering - skip non existing resourceDirectory /home/checox/Documents/ArgPrograma4.0-Java"INTERMEDIO?/Entrega1/App_Clase7B_Comision73/src/main/resources
2023-11-25 16:54:17,515 [Worker-33: Building] INFO  o.a.m.s.f.DefaultMavenResourcesFiltering - skip non existing resourceDirectory /home/checox/Documents/ArgPrograma4.0-Java"INTERMEDIO?/Entrega1/App_Clase7B_Comision73/src/test/resources
2023-11-25 16:54:55,465 [Worker-28: Building] INFO  o.a.m.s.f.DefaultMavenResourcesFiltering - skip non existing resourceDirectory /home/checox/Documents/ArgPrograma4.0-Java"INTERMEDIO?/Entrega1/App_Clase7B_Comision73/src/main/resources
2023-11-25 16:54:55,475 [Worker-28: Building] INFO  o.a.m.s.f.DefaultMavenResourcesFiltering - skip non existing resourceDirectory /home/checox/Documents/ArgPrograma4.0-Java"INTERMEDIO?/Entrega1/App_Clase7B_Comision73/src/test/resources
2023-11-25 16:55:33,919 [Worker-36: Building] INFO  o.a.m.s.f.DefaultMavenResourcesFiltering - skip non existing resourceDirectory /home/checox/Documents/ArgPrograma4.0-Java"INTERMEDIO?/Entrega1/App_Clase7B_Comision73/src/main/resources
2023-11-25 16:55:33,924 [Worker-36: Building] INFO  o.a.m.s.f.DefaultMavenResourcesFiltering - skip non existing resourceDirectory /home/checox/Documents/ArgPrograma4.0-Java"INTERMEDIO?/Entrega1/App_Clase7B_Comision73/src/test/resources
2023-11-25 16:56:43,447 [Worker-37: Building] INFO  o.a.m.s.f.DefaultMavenResourcesFiltering - skip non existing resourceDirectory /home/checox/Documents/ArgPrograma4.0-Java"INTERMEDIO?/Entrega1/App_Clase7B_Comision73/src/main/resources
2023-11-25 16:56:43,456 [Worker-37: Building] INFO  o.a.m.s.f.DefaultMavenResourcesFiltering - skip non existing resourceDirectory /home/checox/Documents/ArgPrograma4.0-Java"INTERMEDIO?/Entrega1/App_Clase7B_Comision73/src/test/resources
2023-11-25 16:57:28,603 [Worker-32: Building] INFO  o.a.m.s.f.DefaultMavenResourcesFiltering - skip non existing resourceDirectory /home/checox/Documents/ArgPrograma4.0-Java"INTERMEDIO?/Entrega1/App_Clase7B_Comision73/src/main/resources
2023-11-25 16:57:28,608 [Worker-32: Building] INFO  o.a.m.s.f.DefaultMavenResourcesFiltering - skip non existing resourceDirectory /home/checox/Documents/ArgPrograma4.0-Java"INTERMEDIO?/Entrega1/App_Clase7B_Comision73/src/test/resources
2023-11-25 16:57:54,037 [Worker-34: Building] INFO  o.a.m.s.f.DefaultMavenResourcesFiltering - skip non existing resourceDirectory /home/checox/Documents/ArgPrograma4.0-Java"INTERMEDIO?/Entrega1/App_Clase7B_Comision73/src/main/resources
2023-11-25 16:57:54,043 [Worker-34: Building] INFO  o.a.m.s.f.DefaultMavenResourcesFiltering - skip non existing resourceDirectory /home/checox/Documents/ArgPrograma4.0-Java"INTERMEDIO?/Entrega1/App_Clase7B_Comision73/src/test/resources
2023-11-25 16:58:00,849 [Worker-33: Building] INFO  o.a.m.s.f.DefaultMavenResourcesFiltering - skip non existing resourceDirectory /home/checox/Documents/ArgPrograma4.0-Java"INTERMEDIO?/Entrega1/App_Clase7B_Comision73/src/main/resources
2023-11-25 16:58:00,886 [Worker-33: Building] INFO  o.a.m.s.f.DefaultMavenResourcesFiltering - skip non existing resourceDirectory /home/checox/Documents/ArgPrograma4.0-Java"INTERMEDIO?/Entrega1/App_Clase7B_Comision73/src/test/resources
2023-11-25 16:58:13,597 [Worker-37: Building] INFO  o.a.m.s.f.DefaultMavenResourcesFiltering - skip non existing resourceDirectory /home/checox/Documents/ArgPrograma4.0-Java"INTERMEDIO?/Entrega1/App_Clase7B_Comision73/src/main/resources
2023-11-25 16:58:13,606 [Worker-37: Building] INFO  o.a.m.s.f.DefaultMavenResourcesFiltering - skip non existing resourceDirectory /home/checox/Documents/ArgPrograma4.0-Java"INTERMEDIO?/Entrega1/App_Clase7B_Comision73/src/test/resources
2023-11-25 16:58:48,995 [Worker-36: Building] INFO  o.a.m.s.f.DefaultMavenResourcesFiltering - skip non existing resourceDirectory /home/checox/Documents/ArgPrograma4.0-Java"INTERMEDIO?/Entrega1/App_Clase7B_Comision73/src/main/resources
2023-11-25 16:58:49,003 [Worker-36: Building] INFO  o.a.m.s.f.DefaultMavenResourcesFiltering - skip non existing resourceDirectory /home/checox/Documents/ArgPrograma4.0-Java"INTERMEDIO?/Entrega1/App_Clase7B_Comision73/src/test/resources
2023-11-25 17:01:09,501 [Worker-33: Building] INFO  o.a.m.s.f.DefaultMavenResourcesFiltering - skip non existing resourceDirectory /home/checox/Documents/ArgPrograma4.0-Java"INTERMEDIO?/Entrega1/App_Clase7B_Comision73/src/main/resources
2023-11-25 17:01:09,506 [Worker-33: Building] INFO  o.a.m.s.f.DefaultMavenResourcesFiltering - skip non existing resourceDirectory /home/checox/Documents/ArgPrograma4.0-Java"INTERMEDIO?/Entrega1/App_Clase7B_Comision73/src/test/resources
2023-11-25 17:01:53,058 [Worker-34: Building] INFO  o.a.m.s.f.DefaultMavenResourcesFiltering - skip non existing resourceDirectory /home/checox/Documents/ArgPrograma4.0-Java"INTERMEDIO?/Entrega1/App_Clase7B_Comision73/src/main/resources
2023-11-25 17:01:53,065 [Worker-34: Building] INFO  o.a.m.s.f.DefaultMavenResourcesFiltering - skip non existing resourceDirectory /home/checox/Documents/ArgPrograma4.0-Java"INTERMEDIO?/Entrega1/App_Clase7B_Comision73/src/test/resources
2023-11-25 17:02:50,738 [Worker-34: Building] INFO  o.a.m.s.f.DefaultMavenResourcesFiltering - skip non existing resourceDirectory /home/checox/Documents/ArgPrograma4.0-Java"INTERMEDIO?/Entrega1/App_Clase7B_Comision73/src/main/resources
2023-11-25 17:02:50,744 [Worker-34: Building] INFO  o.a.m.s.f.DefaultMavenResourcesFiltering - skip non existing resourceDirectory /home/checox/Documents/ArgPrograma4.0-Java"INTERMEDIO?/Entrega1/App_Clase7B_Comision73/src/test/resources
2023-11-25 17:03:53,383 [Worker-36: Building] INFO  o.a.m.s.f.DefaultMavenResourcesFiltering - skip non existing resourceDirectory /home/checox/Documents/ArgPrograma4.0-Java"INTERMEDIO?/Entrega1/App_Clase7B_Comision73/src/main/resources
2023-11-25 17:03:53,392 [Worker-36: Building] INFO  o.a.m.s.f.DefaultMavenResourcesFiltering - skip non existing resourceDirectory /home/checox/Documents/ArgPrograma4.0-Java"INTERMEDIO?/Entrega1/App_Clase7B_Comision73/src/test/resources
2023-11-25 17:06:07,041 [Worker-32: Building] INFO  o.a.m.s.f.DefaultMavenResourcesFiltering - skip non existing resourceDirectory /home/checox/Documents/ArgPrograma4.0-Java"INTERMEDIO?/Entrega1/App_Clase7B_Comision73/src/main/resources
2023-11-25 17:06:07,047 [Worker-32: Building] INFO  o.a.m.s.f.DefaultMavenResourcesFiltering - skip non existing resourceDirectory /home/checox/Documents/ArgPrograma4.0-Java"INTERMEDIO?/Entrega1/App_Clase7B_Comision73/src/test/resources
2023-11-25 17:07:22,769 [Worker-32: Building] INFO  o.a.m.s.f.DefaultMavenResourcesFiltering - skip non existing resourceDirectory /home/checox/Documents/ArgPrograma4.0-Java"INTERMEDIO?/Entrega1/App_Clase7B_Comision73/src/main/resources
2023-11-25 17:07:22,776 [Worker-32: Building] INFO  o.a.m.s.f.DefaultMavenResourcesFiltering - skip non existing resourceDirectory /home/checox/Documents/ArgPrograma4.0-Java"INTERMEDIO?/Entrega1/App_Clase7B_Comision73/src/test/resources
2023-11-25 17:08:14,369 [Worker-33: Building] INFO  o.a.m.s.f.DefaultMavenResourcesFiltering - skip non existing resourceDirectory /home/checox/Documents/ArgPrograma4.0-Java"INTERMEDIO?/Entrega1/App_Clase7B_Comision73/src/main/resources
2023-11-25 17:08:14,373 [Worker-33: Building] INFO  o.a.m.s.f.DefaultMavenResourcesFiltering - skip non existing resourceDirectory /home/checox/Documents/ArgPrograma4.0-Java"INTERMEDIO?/Entrega1/App_Clase7B_Comision73/src/test/resources
2023-11-25 17:08:54,743 [Worker-37: Building] INFO  o.a.m.s.f.DefaultMavenResourcesFiltering - skip non existing resourceDirectory /home/checox/Documents/ArgPrograma4.0-Java"INTERMEDIO?/Entrega1/App_Clase7B_Comision73/src/main/resources
2023-11-25 17:08:54,752 [Worker-37: Building] INFO  o.a.m.s.f.DefaultMavenResourcesFiltering - skip non existing resourceDirectory /home/checox/Documents/ArgPrograma4.0-Java"INTERMEDIO?/Entrega1/App_Clase7B_Comision73/src/test/resources
2023-11-25 17:09:06,427 [Worker-34: Building] INFO  o.a.m.s.f.DefaultMavenResourcesFiltering - skip non existing resourceDirectory /home/checox/Documents/ArgPrograma4.0-Java"INTERMEDIO?/Entrega1/App_Clase7B_Comision73/src/main/resources
2023-11-25 17:09:06,432 [Worker-34: Building] INFO  o.a.m.s.f.DefaultMavenResourcesFiltering - skip non existing resourceDirectory /home/checox/Documents/ArgPrograma4.0-Java"INTERMEDIO?/Entrega1/App_Clase7B_Comision73/src/test/resources
2023-11-25 17:09:21,913 [Worker-34: Building] INFO  o.a.m.s.f.DefaultMavenResourcesFiltering - skip non existing resourceDirectory /home/checox/Documents/ArgPrograma4.0-Java"INTERMEDIO?/Entrega1/App_Clase7B_Comision73/src/main/resources
2023-11-25 17:09:21,919 [Worker-34: Building] INFO  o.a.m.s.f.DefaultMavenResourcesFiltering - skip non existing resourceDirectory /home/checox/Documents/ArgPrograma4.0-Java"INTERMEDIO?/Entrega1/App_Clase7B_Comision73/src/test/resources
2023-11-25 17:12:43,892 [Worker-39: Building] INFO  o.a.m.s.f.DefaultMavenResourcesFiltering - skip non existing resourceDirectory /home/checox/Documents/ArgPrograma4.0-Java"INTERMEDIO?/Entrega1/App_Clase7B_Comision73/src/main/resources
2023-11-25 17:12:43,901 [Worker-39: Building] INFO  o.a.m.s.f.DefaultMavenResourcesFiltering - skip non existing resourceDirectory /home/checox/Documents/ArgPrograma4.0-Java"INTERMEDIO?/Entrega1/App_Clase7B_Comision73/src/test/resources
2023-11-25 17:14:25,207 [Worker-39: Building] INFO  o.a.m.s.f.DefaultMavenResourcesFiltering - skip non existing resourceDirectory /home/checox/Documents/ArgPrograma4.0-Java"INTERMEDIO?/Entrega1/App_Clase7B_Comision73/src/main/resources
2023-11-25 17:14:25,213 [Worker-39: Building] INFO  o.a.m.s.f.DefaultMavenResourcesFiltering - skip non existing resourceDirectory /home/checox/Documents/ArgPrograma4.0-Java"INTERMEDIO?/Entrega1/App_Clase7B_Comision73/src/test/resources
2023-11-25 17:14:32,277 [Worker-40: Building] INFO  o.a.m.s.f.DefaultMavenResourcesFiltering - skip non existing resourceDirectory /home/checox/Documents/ArgPrograma4.0-Java"INTERMEDIO?/Entrega1/App_Clase7B_Comision73/src/main/resources
2023-11-25 17:14:32,282 [Worker-40: Building] INFO  o.a.m.s.f.DefaultMavenResourcesFiltering - skip non existing resourceDirectory /home/checox/Documents/ArgPrograma4.0-Java"INTERMEDIO?/Entrega1/App_Clase7B_Comision73/src/test/resources
2023-11-25 17:14:46,531 [Worker-34: Building] INFO  o.a.m.s.f.DefaultMavenResourcesFiltering - skip non existing resourceDirectory /home/checox/Documents/ArgPrograma4.0-Java"INTERMEDIO?/Entrega1/App_Clase7B_Comision73/src/main/resources
2023-11-25 17:14:46,537 [Worker-34: Building] INFO  o.a.m.s.f.DefaultMavenResourcesFiltering - skip non existing resourceDirectory /home/checox/Documents/ArgPrograma4.0-Java"INTERMEDIO?/Entrega1/App_Clase7B_Comision73/src/test/resources
2023-11-25 17:16:07,934 [Worker-34: Building] INFO  o.a.m.s.f.DefaultMavenResourcesFiltering - skip non existing resourceDirectory /home/checox/Documents/ArgPrograma4.0-Java"INTERMEDIO?/Entrega1/App_Clase7B_Comision73/src/main/resources
2023-11-25 17:16:07,937 [Worker-34: Building] INFO  o.a.m.s.f.DefaultMavenResourcesFiltering - skip non existing resourceDirectory /home/checox/Documents/ArgPrograma4.0-Java"INTERMEDIO?/Entrega1/App_Clase7B_Comision73/src/test/resources
2023-11-25 17:41:39,032 [Worker-43: Building] INFO  o.a.m.s.f.DefaultMavenResourcesFiltering - skip non existing resourceDirectory /home/checox/Documents/ArgPrograma4.0-Java"INTERMEDIO?/Entrega1/App_Clase7B_Comision73/src/main/resources
2023-11-25 17:41:39,035 [Worker-43: Building] INFO  o.a.m.s.f.DefaultMavenResourcesFiltering - skip non existing resourceDirectory /home/checox/Documents/ArgPrograma4.0-Java"INTERMEDIO?/Entrega1/App_Clase7B_Comision73/src/test/resources
2023-11-25 17:46:40,206 [Worker-51: Building] INFO  o.a.m.s.f.DefaultMavenResourcesFiltering - skip non existing resourceDirectory /home/checox/Documents/ArgPrograma4.0-Java"INTERMEDIO?/Entrega1/App_Clase7B_Comision73/src/main/resources
2023-11-25 17:46:40,209 [Worker-51: Building] INFO  o.a.m.s.f.DefaultMavenResourcesFiltering - skip non existing resourceDirectory /home/checox/Documents/ArgPrograma4.0-Java"INTERMEDIO?/Entrega1/App_Clase7B_Comision73/src/test/resources
2023-11-25 18:14:12,399 [Worker-2: Loading available Gradle versions] INFO  o.e.b.c.i.u.g.PublishedGradleVersions - Gradle version information cache is up-to-date. Trying to read.
2023-11-25 18:15:15,087 [Worker-10: Building] INFO  o.a.m.s.f.DefaultMavenResourcesFiltering - skip non existing resourceDirectory /home/checox/Documents/ArgPrograma4.0-Java"INTERMEDIO?/Entrega1/App_Clase7B_Comision73/src/main/resources
2023-11-25 18:15:15,097 [Worker-10: Building] INFO  o.a.m.s.f.DefaultMavenResourcesFiltering - skip non existing resourceDirectory /home/checox/Documents/ArgPrograma4.0-Java"INTERMEDIO?/Entrega1/App_Clase7B_Comision73/src/test/resources
2023-11-25 18:16:47,453 [Worker-6: Loading available Gradle versions] INFO  o.e.b.c.i.u.g.PublishedGradleVersions - Gradle version information cache is up-to-date. Trying to read.
2023-11-25 18:25:22,311 [Worker-15: Building] INFO  o.a.m.s.f.DefaultMavenResourcesFiltering - skip non existing resourceDirectory /home/checox/Documents/ArgPrograma4.0-Java"INTERMEDIO?/Entrega1/App_Clase7B_Comision73/src/main/resources
2023-11-25 18:25:22,320 [Worker-15: Building] INFO  o.a.m.s.f.DefaultMavenResourcesFiltering - skip non existing resourceDirectory /home/checox/Documents/ArgPrograma4.0-Java"INTERMEDIO?/Entrega1/App_Clase7B_Comision73/src/test/resources
